<?xml version="1.0" encoding="UTF-8"?>
<testng-results ignored="0" total="1" passed="1" failed="0" skipped="0">
  <reporter-output>
  </reporter-output>
  <suite started-at="2021-06-27T20:55:56 IST" name="Default suite" finished-at="2021-06-27T20:56:12 IST" duration-ms="16054">
    <groups>
    </groups>
    <test started-at="2021-06-27T20:55:56 IST" name="Default test" finished-at="2021-06-27T20:56:12 IST" duration-ms="16054">
      <class name="testCase.SampleTest">
        <test-method is-config="true" signature="beforeSuite()[pri:0, instance:testCase.SampleTest@35aea049]" started-at="2021-06-27T20:55:56 IST" name="beforeSuite" finished-at="2021-06-27T20:55:56 IST" duration-ms="206" status="PASS">
          <reporter-output>
          </reporter-output>
        </test-method> <!-- beforeSuite -->
        <test-method is-config="true" signature="setData()[pri:0, instance:testCase.SampleTest@35aea049]" started-at="2021-06-27T20:55:56 IST" name="setData" finished-at="2021-06-27T20:55:56 IST" duration-ms="0" status="PASS">
          <reporter-output>
          </reporter-output>
        </test-method> <!-- setData -->
        <test-method is-config="true" signature="beforeClass()[pri:0, instance:testCase.SampleTest@35aea049]" started-at="2021-06-27T20:55:56 IST" name="beforeClass" finished-at="2021-06-27T20:55:56 IST" duration-ms="1" status="PASS">
          <reporter-output>
          </reporter-output>
        </test-method> <!-- beforeClass -->
        <test-method is-config="true" signature="beforeMethod()[pri:0, instance:testCase.SampleTest@35aea049]" started-at="2021-06-27T20:55:57 IST" name="beforeMethod" finished-at="2021-06-27T20:56:08 IST" duration-ms="10706" status="PASS">
          <reporter-output>
          </reporter-output>
        </test-method> <!-- beforeMethod -->
        <test-method signature="createLead(java.lang.String, java.lang.String)[pri:0, instance:testCase.SampleTest@35aea049]" started-at="2021-06-27T20:56:08 IST" name="createLead" data-provider="fetchData" finished-at="2021-06-27T20:56:12 IST" duration-ms="4812" status="PASS">
          <params>
            <param index="0">
              <value>
                <![CDATA[admin]]>
              </value>
            </param>
            <param index="1">
              <value>
                <![CDATA[Guna@041994]]>
              </value>
            </param>
          </params>
          <reporter-output>
          </reporter-output>
        </test-method> <!-- createLead -->
        <test-method is-config="true" signature="afterMethod()[pri:0, instance:testCase.SampleTest@35aea049]" started-at="2021-06-27T20:56:12 IST" name="afterMethod" finished-at="2021-06-27T20:56:12 IST" duration-ms="154" status="PASS">
          <reporter-output>
          </reporter-output>
        </test-method> <!-- afterMethod -->
        <test-method is-config="true" signature="afterSuite()[pri:0, instance:testCase.SampleTest@35aea049]" started-at="2021-06-27T20:56:12 IST" name="afterSuite" finished-at="2021-06-27T20:56:13 IST" duration-ms="218" status="PASS">
          <reporter-output>
          </reporter-output>
        </test-method> <!-- afterSuite -->
      </class> <!-- testCase.SampleTest -->
    </test> <!-- Default test -->
  </suite> <!-- Default suite -->
</testng-results>
